<?xml version="1.0" encoding="UTF-8"?>
<!-- Generated by org.testng.reporters.JUnitReportReporter -->
<testsuite hostname="LAPTOP-N1KMP2C8" failures="0" tests="2" name="Pac1.ContactTest" time="0.008" errors="0" timestamp="2025-05-28T19:33:26 IST" skipped="0">
  <testcase classname="Pac1.ContactTest" name="modifyContactTest" time="0.001"/>
  <testcase classname="Pac1.ContactTest" name="createContactTest" time="0.007"/>
</testsuite> <!-- Pac1.ContactTest -->
