<?xml version="1.0" encoding="UTF-8"?>
<!-- Generated by org.testng.reporters.JUnitReportReporter -->
<testsuite hostname="LAPTOP-N1KMP2C8" failures="0" tests="2" name="TestNG.TCimplementingBaseClass" time="0.008" errors="0" timestamp="2025-05-22T12:13:11 IST" skipped="0">
  <testcase classname="TestNG.TCimplementingBaseClass" name="CreateContactTest" time="0.001"/>
  <testcase classname="TestNG.TCimplementingBaseClass" name="CreateCampaignTest" time="0.007"/>
</testsuite> <!-- TestNG.TCimplementingBaseClass -->
