<?xml version="1.0" encoding="UTF-8"?>
<!-- Generated by org.testng.reporters.JUnitReportReporter -->
<testsuite hostname="LAPTOP-N1KMP2C8" failures="0" tests="2" name="TestNG.ConfigurationAnnotations" time="0.008" errors="0" timestamp="2025-05-22T11:12:34 IST" skipped="0">
  <testcase classname="TestNG.ConfigurationAnnotations" name="executeTC1" time="0.006"/>
  <testcase classname="TestNG.ConfigurationAnnotations" name="executeTC2" time="0.002"/>
</testsuite> <!-- TestNG.ConfigurationAnnotations -->
