<?xml version="1.0" encoding="UTF-8"?>
<!-- Generated by org.testng.reporters.JUnitReportReporter -->
<testsuite hostname="LAPTOP-N1KMP2C8" failures="0" tests="3" name="TestNG.DataProvider" time="0.007" errors="0" timestamp="2025-05-21T19:33:29 IST" skipped="0">
  <testcase classname="TestNG.DataProvider" name="createContactTest" time="0.001"/>
  <testcase classname="TestNG.DataProvider" name="createContactTest" time="0.001"/>
  <testcase classname="TestNG.DataProvider" name="createContactTest" time="0.005"/>
</testsuite> <!-- TestNG.DataProvider -->
