<?xml version="1.0" encoding="UTF-8"?>
<!-- Generated by org.testng.reporters.JUnitReportReporter -->
<testsuite hostname="LAPTOP-N1KMP2C8" failures="0" tests="1" name="TestNG.Assertion" time="0.013" errors="0" timestamp="2025-05-23T11:11:50 IST" skipped="0">
  <testcase classname="TestNG.Assertion" name="homepageTest" time="0.013"/>
</testsuite> <!-- TestNG.Assertion -->
