<?xml version="1.0" encoding="UTF-8"?>
<!-- Generated by org.testng.reporters.JUnitReportReporter -->
<testsuite hostname="LAPTOP-N1KMP2C8" failures="0" tests="3" name="TestNG.ExtentReport" time="0.010" errors="0" timestamp="2025-05-26T15:14:55 IST" skipped="0">
  <testcase classname="TestNG.ExtentReport" name="CreateOrgTest" time="0.001"/>
  <testcase classname="TestNG.ExtentReport" name="CreateContactTest" time="0.008"/>
  <testcase classname="TestNG.ExtentReport" name="CreateLeadTest" time="0.001"/>
</testsuite> <!-- TestNG.ExtentReport -->
