<?xml version="1.0" encoding="UTF-8"?>
<!-- Generated by org.testng.reporters.JUnitReportReporter -->
<testsuite hostname="LAPTOP-N1KMP2C8" failures="0" tests="1" name="TestingTstNG" time="0.007" errors="0" timestamp="2025-05-21T10:32:20 IST" skipped="0">
  <testcase classname="TestingTstNG" name="CreateCampaignTest" time="0.007"/>
</testsuite> <!-- TestingTstNG -->
