<?xml version="1.0" encoding="UTF-8"?>
<!-- Generated by org.testng.reporters.JUnitReportReporter -->
<testsuite hostname="LAPTOP-N1KMP2C8" failures="0" tests="3" name="TestNG.ExtentReportTakeScreenshot" time="9.095" errors="0" timestamp="2025-05-26T15:29:21 IST" skipped="0">
  <testcase classname="TestNG.ExtentReportTakeScreenshot" name="CreateLeadTest" time="0.003"/>
  <testcase classname="TestNG.ExtentReportTakeScreenshot" name="CreateOrgTest" time="0.002"/>
  <testcase classname="TestNG.ExtentReportTakeScreenshot" name="CreateContactTest" time="9.090"/>
</testsuite> <!-- TestNG.ExtentReportTakeScreenshot -->
